Arguments: 
  /home/duchuy/.nvm/versions/node/v17.0.1/bin/node /mnt/c/Users/Dell/AppData/Roaming/npm/node_modules/yarn/bin/yarn.js add @solana/web3.js

PATH: 
  /home/duchuy/gems/bin:/home/duchuy/.local/share/solana/install/active_release/bin:/home/duchuy/gems/bin:/home/duchuy/.nvm/versions/node/v17.0.1/bin:/home/duchuy/.local/share/solana/install/active_release/bin:/home/duchuy/.cargo/bin:/usr/local/sbin:/usr/local/bin:/usr/sbin:/usr/bin:/sbin:/bin:/usr/games:/usr/local/games:/usr/lib/wsl/lib:/mnt/c/Program Files (x86)/Common Files/Oracle/Java/javapath:/mnt/c/Windows/system32:/mnt/c/Windows:/mnt/c/Windows/System32/Wbem:/mnt/c/Windows/System32/WindowsPowerShell/v1.0/:/mnt/c/Program Files (x86)/NVIDIA Corporation/PhysX/Common:/mnt/c/WINDOWS/system32:/mnt/c/WINDOWS:/mnt/c/WINDOWS/System32/Wbem:/mnt/c/WINDOWS/System32/WindowsPowerShell/v1.0/:/mnt/c/WINDOWS/System32/OpenSSH/:/mnt/c/Program Files/dotnet/:/mnt/c/Program Files/Microsoft SQL Server/130/Tools/Binn/:/mnt/c/Program Files/MiKTeX 2.9/miktex/bin/x64/:/mnt/c/Program Files/Microsoft SQL Server/110/Tools/Binn/:/mnt/c/Program Files (x86)/Microsoft SQL Server/110/Tools/Binn/:/mnt/c/Program Files/Microsoft SQL Server/110/DTS/Binn/:/mnt/c/Program Files (x86)/Microsoft SQL Server/110/Tools/Binn/ManagementStudio/:/mnt/c/Program Files (x86)/Microsoft Visual Studio 10.0/Common7/IDE/PrivateAssemblies/:/mnt/c/Program Files (x86)/Microsoft SQL Server/110/DTS/Binn/:/mnt/d/matlab/New Folder/runtime/win64:/mnt/d/matlab/New Folder/bin:/mnt/d/WinGW/mingw64/bin:/mnt/c/ProgramData/chocolatey/bin:/mnt/c/Program Files/Git/cmd:/mnt/c/Program Files/PuTTY/:/mnt/c/Program Files/Intel/WiFi/bin/:/mnt/c/Program Files/Common Files/Intel/WirelessCommon/:/mnt/c/Program Files (x86)/Intel/Intel(R) Management Engine Components/DAL:/mnt/c/Program Files/Intel/Intel(R) Management Engine Components/DAL:/mnt/c/Program Files/nodejs/:/mnt/c/Users/Dell/AppData/Local/Programs/Python/Python38-32/Scripts/:/mnt/c/Users/Dell/AppData/Local/Programs/Python/Python38-32/:/mnt/c/Program Files/java/jdk/bin":/mnt/d/quartus/modelsim_ase/win32aloem:/mnt/d/Visual Studio Code/Microsoft VS Code/bin:/mnt/d/bachkhoa/reactApp:/mnt/c/Users/Dell/.dotnet/tools:/mnt/c/Users/Dell/AppData/Local/Microsoft/WindowsApps:/mnt/c/Users/Dell/AppData/Local/Programs/Microsoft VS Code/bin:/mnt/c/Program Files/heroku/bin:/mnt/c/Users/Dell/AppData/Roaming/npm:/mnt/c/Users/Dell/AppData/Local/GitHubDesktop/bin:/home/duchuy/.local/bin:/home/duchuy/.local/bin:/home/duchuy/.local/bin:/home/duchuy/.local/bin

Yarn version: 
  1.21.1

Node version: 
  17.0.1

Platform: 
  linux x64

Trace: 
  SyntaxError: /home/duchuy/.cache/yarn/v6/npm-@types-connect-3.4.35-5fcf6ae445e4021d1fc2219a4873cc73a3bb2ad1-integrity/node_modules/@types/connect/.yarn-metadata.json: Unexpected end of JSON input
      at JSON.parse (<anonymous>)
      at /mnt/c/Users/Dell/AppData/Roaming/npm/node_modules/yarn/lib/cli.js:1625:59
      at Generator.next (<anonymous>)
      at step (/mnt/c/Users/Dell/AppData/Roaming/npm/node_modules/yarn/lib/cli.js:310:30)
      at /mnt/c/Users/Dell/AppData/Roaming/npm/node_modules/yarn/lib/cli.js:321:13

npm manifest: 
  {
    "dependencies": {
      "buffer-layout": "^1.2.2"
    }
  }

yarn manifest: 
  No manifest

Lockfile: 
  No lockfile
